SPRINGBOOT_SECURITY 13:38:19.443 DEBUG org.springframework.security.web.FilterChainProxy : - Securing GET /api/v1/employees 
SPRINGBOOT_SECURITY 13:38:19.457 INFO  com.kt.edu.thirdproject.common.service.JwtAuthConverter : - jwt claimName 
SPRINGBOOT_SECURITY 13:38:19.458 DEBUG org.springframework.security.oauth2.server.resource.authentication.JwtAuthenticationProvider : - Authenticated token 
SPRINGBOOT_SECURITY 13:38:19.459 DEBUG org.springframework.security.oauth2.server.resource.web.authentication.BearerTokenAuthenticationFilter : - Set SecurityContextHolder to JwtAuthenticationToken [Principal=org.springframework.security.oauth2.jwt.Jwt@38b58700, Credentials=[PROTECTED], Authenticated=true, Details=WebAuthenticationDetails [RemoteIpAddress=0:0:0:0:0:0:0:1, SessionId=null], Granted Authorities=[SCOPE_openid, SCOPE_email, ROLE_EDU_USER, ROLE_EDU_MANAGER, SCOPE_profile]] 
SPRINGBOOT_SECURITY 13:38:19.461 DEBUG org.springframework.security.web.FilterChainProxy : - Secured GET /api/v1/employees 
SPRINGBOOT_SECURITY 13:38:19.461 INFO  com.kt.edu.thirdproject.common.filter.LogFilter : - [/api/v1/employees] LogFilter doFilter Start 
SPRINGBOOT_SECURITY 13:38:19.461 INFO  com.kt.edu.thirdproject.common.filter.LogFilter : -  Headers 
SPRINGBOOT_SECURITY 13:38:19.461 INFO  com.kt.edu.thirdproject.common.filter.LogFilter : - cookie = JSESSIONID=AA4BD3D6D89D12BB57A10CB3CD5951DC 
SPRINGBOOT_SECURITY 13:38:19.462 INFO  com.kt.edu.thirdproject.common.filter.LogFilter : - accept-language = ko-KR,ko;q=0.9,en-US;q=0.8,en;q=0.7 
SPRINGBOOT_SECURITY 13:38:19.462 INFO  com.kt.edu.thirdproject.common.filter.LogFilter : - accept-encoding = gzip, deflate, br 
SPRINGBOOT_SECURITY 13:38:19.462 INFO  com.kt.edu.thirdproject.common.filter.LogFilter : - referer = http://localhost:3000/employees 
SPRINGBOOT_SECURITY 13:38:19.462 INFO  com.kt.edu.thirdproject.common.filter.LogFilter : - sec-fetch-dest = empty 
SPRINGBOOT_SECURITY 13:38:19.462 INFO  com.kt.edu.thirdproject.common.filter.LogFilter : - sec-fetch-mode = cors 
SPRINGBOOT_SECURITY 13:38:19.462 INFO  com.kt.edu.thirdproject.common.filter.LogFilter : - sec-fetch-site = same-origin 
SPRINGBOOT_SECURITY 13:38:19.463 INFO  com.kt.edu.thirdproject.common.filter.LogFilter : - accept = */* 
SPRINGBOOT_SECURITY 13:38:19.463 INFO  com.kt.edu.thirdproject.common.filter.LogFilter : - sec-ch-ua-platform = "macOS" 
SPRINGBOOT_SECURITY 13:38:19.463 INFO  com.kt.edu.thirdproject.common.filter.LogFilter : - user-agent = Mozilla/5.0 (Macintosh; Intel Mac OS X 10_15_7) AppleWebKit/537.36 (KHTML, like Gecko) Chrome/121.0.0.0 Safari/537.36 
SPRINGBOOT_SECURITY 13:38:19.463 INFO  com.kt.edu.thirdproject.common.filter.LogFilter : - authorization = Bearer eyJhbGciOiJSUzI1NiIsInR5cCIgOiAiSldUIiwia2lkIiA6ICJmNDlGN3EtSm5kV0RmWVU4VFllZzRqMVJSQjR5dzI4b2JWLXZJdkN3d1ZBIn0.eyJleHAiOjE3MDg0OTA1OTksImlhdCI6MTcwODQ5MDI5OSwiYXV0aF90aW1lIjoxNzA4NDkwMjk5LCJqdGkiOiJkNWY4YjBhOS1hMzZhLTQ5ZjMtYWI1Mi1mOTQ4MzNlNzAxZDIiLCJpc3MiOiJodHRwOi8vbG9jYWxob3N0OjgwODAvcmVhbG1zL2VtcGxveWVlLXNlcnZpY2VzIiwic3ViIjoiNjEyZDYwZWQtMjhhYy00ZjQwLTk4MzUtNzdiMjUxNDMzNGM3IiwidHlwIjoiQmVhcmVyIiwiYXpwIjoiZWR1LWFwcCIsIm5vbmNlIjoiNzExYzYzNGEtMDEwOC00NmJmLWE4ZmMtZjM2MmI5NTNiNTg5Iiwic2Vzc2lvbl9zdGF0ZSI6ImRjMTkxMTQ4LTg3Y2EtNGQ1Yy1iNmRiLWIzY2NiOGYzMDlhYiIsImFjciI6IjEiLCJhbGxvd2VkLW9yaWdpbnMiOlsiaHR0cDovL2xvY2FsaG9zdDozMDAwIl0sInJlc291cmNlX2FjY2VzcyI6eyJlZHUtYXBwIjp7InJvbGVzIjpbIkVEVV9VU0VSIiwiRURVX01BTkFHRVIiXX19LCJzY29wZSI6Im9wZW5pZCBwcm9maWxlIGVtYWlsIiwic2lkIjoiZGMxOTExNDgtODdjYS00ZDVjLWI2ZGItYjNjY2I4ZjMwOWFiIiwiZW1haWxfdmVyaWZpZWQiOmZhbHNlLCJwcmVmZXJyZWRfdXNlcm5hbWUiOiJhZG1pbiJ9.JgHKHPjd9Ajwa8BUzgYARBuTmMv5AG7cs2RMqQhKvMSmfQR_syh_bknoyCbWLz_sfi63G-_3r1pLbWeErsXtA9DHUUThgLjh-eUSDifD8f_y7YQNJTuDwFDRD5a2eTcaElcKrPzPr0ZaL_j-PGQBc75sRBK_Z5B6Rhokcfzky5CrByHlgs66TjfeDQEu2EO6P5tbrqVQRfa2jhA9-lfku4SaaKNnRrhKF6jtYL6Yb8WKnWJcrpieCJ-kXv_Y_-9Uh3-ZQ6swpPXaMRlaHDTi4mDCR2DzqDdJVe_AzNON6YG8WX3m11CkkVUUDKjvpi9i9KkiT9qequ8YOMv91d3jLw 
SPRINGBOOT_SECURITY 13:38:19.463 INFO  com.kt.edu.thirdproject.common.filter.LogFilter : - sec-ch-ua-mobile = ?0 
SPRINGBOOT_SECURITY 13:38:19.463 INFO  com.kt.edu.thirdproject.common.filter.LogFilter : - sec-ch-ua = "Not A(Brand";v="99", "Google Chrome";v="121", "Chromium";v="121" 
SPRINGBOOT_SECURITY 13:38:19.464 INFO  com.kt.edu.thirdproject.common.filter.LogFilter : - connection = close 
SPRINGBOOT_SECURITY 13:38:19.464 INFO  com.kt.edu.thirdproject.common.filter.LogFilter : - host = localhost:9080 
SPRINGBOOT_SECURITY 13:38:19.464 INFO  com.kt.edu.thirdproject.common.filter.LogFilter : -  Parameters 
SPRINGBOOT_SECURITY 13:38:19.464 INFO  com.kt.edu.thirdproject.common.filter.LogFilter : -  Row data 
SPRINGBOOT_SECURITY 13:38:19.465 INFO  com.kt.edu.thirdproject.employee.service.EmployeeService : - Request to get all Employees 
SPRINGBOOT_SECURITY 13:38:19.466 INFO  jdbc.sqltiming : - SELECT "EMPLOYEE"."ID" AS "ID", "EMPLOYEE"."EMPNAME" AS "EMPNAME", "EMPLOYEE"."EMPMAIL" AS "EMPMAIL", "EMPLOYEE"."EMPTELNO" AS "EMPTELNO", "EMPLOYEE"."EMPDEPTNAME" AS "EMPDEPTNAME" FROM "EMPLOYEE"\n {executed in 0 msec} 
SPRINGBOOT_SECURITY 13:38:19.468 INFO  jdbc.resultsettable : - \n|---|--------|--------|---------|------------|\n|id |empname |empmail |emptelno |empdeptname |\n|---|--------|--------|---------|------------|\n|---|--------|--------|---------|------------|\n 
SPRINGBOOT_SECURITY 13:38:19.470 INFO  com.kt.edu.thirdproject.common.filter.LogFilter : - [/api/v1/employees] LogFilter doFilter End 
SPRINGBOOT_SECURITY 13:38:25.406 DEBUG org.springframework.security.web.FilterChainProxy : - Securing POST /api/v1/employees 
SPRINGBOOT_SECURITY 13:38:25.410 INFO  com.kt.edu.thirdproject.common.service.JwtAuthConverter : - jwt claimName 
SPRINGBOOT_SECURITY 13:38:25.411 DEBUG org.springframework.security.oauth2.server.resource.authentication.JwtAuthenticationProvider : - Authenticated token 
SPRINGBOOT_SECURITY 13:38:25.411 DEBUG org.springframework.security.oauth2.server.resource.web.authentication.BearerTokenAuthenticationFilter : - Set SecurityContextHolder to JwtAuthenticationToken [Principal=org.springframework.security.oauth2.jwt.Jwt@38b58700, Credentials=[PROTECTED], Authenticated=true, Details=WebAuthenticationDetails [RemoteIpAddress=0:0:0:0:0:0:0:1, SessionId=null], Granted Authorities=[SCOPE_openid, SCOPE_email, ROLE_EDU_USER, ROLE_EDU_MANAGER, SCOPE_profile]] 
SPRINGBOOT_SECURITY 13:38:25.415 DEBUG org.springframework.security.web.FilterChainProxy : - Secured POST /api/v1/employees 
SPRINGBOOT_SECURITY 13:38:25.415 INFO  com.kt.edu.thirdproject.common.filter.LogFilter : - [/api/v1/employees] LogFilter doFilter Start 
SPRINGBOOT_SECURITY 13:38:25.415 INFO  com.kt.edu.thirdproject.common.filter.LogFilter : -  Headers 
SPRINGBOOT_SECURITY 13:38:25.416 INFO  com.kt.edu.thirdproject.common.filter.LogFilter : - cookie = JSESSIONID=AA4BD3D6D89D12BB57A10CB3CD5951DC 
SPRINGBOOT_SECURITY 13:38:25.416 INFO  com.kt.edu.thirdproject.common.filter.LogFilter : - accept-language = ko-KR,ko;q=0.9,en-US;q=0.8,en;q=0.7 
SPRINGBOOT_SECURITY 13:38:25.416 INFO  com.kt.edu.thirdproject.common.filter.LogFilter : - accept-encoding = gzip, deflate, br 
SPRINGBOOT_SECURITY 13:38:25.416 INFO  com.kt.edu.thirdproject.common.filter.LogFilter : - referer = http://localhost:3000/employees 
SPRINGBOOT_SECURITY 13:38:25.416 INFO  com.kt.edu.thirdproject.common.filter.LogFilter : - sec-fetch-dest = empty 
SPRINGBOOT_SECURITY 13:38:25.416 INFO  com.kt.edu.thirdproject.common.filter.LogFilter : - sec-fetch-mode = cors 
SPRINGBOOT_SECURITY 13:38:25.416 INFO  com.kt.edu.thirdproject.common.filter.LogFilter : - sec-fetch-site = same-origin 
SPRINGBOOT_SECURITY 13:38:25.416 INFO  com.kt.edu.thirdproject.common.filter.LogFilter : - origin = http://localhost:3000 
SPRINGBOOT_SECURITY 13:38:25.416 INFO  com.kt.edu.thirdproject.common.filter.LogFilter : - accept = */* 
SPRINGBOOT_SECURITY 13:38:25.417 INFO  com.kt.edu.thirdproject.common.filter.LogFilter : - sec-ch-ua-platform = "macOS" 
SPRINGBOOT_SECURITY 13:38:25.417 INFO  com.kt.edu.thirdproject.common.filter.LogFilter : - user-agent = Mozilla/5.0 (Macintosh; Intel Mac OS X 10_15_7) AppleWebKit/537.36 (KHTML, like Gecko) Chrome/121.0.0.0 Safari/537.36 
SPRINGBOOT_SECURITY 13:38:25.417 INFO  com.kt.edu.thirdproject.common.filter.LogFilter : - authorization = Bearer eyJhbGciOiJSUzI1NiIsInR5cCIgOiAiSldUIiwia2lkIiA6ICJmNDlGN3EtSm5kV0RmWVU4VFllZzRqMVJSQjR5dzI4b2JWLXZJdkN3d1ZBIn0.eyJleHAiOjE3MDg0OTA1OTksImlhdCI6MTcwODQ5MDI5OSwiYXV0aF90aW1lIjoxNzA4NDkwMjk5LCJqdGkiOiJkNWY4YjBhOS1hMzZhLTQ5ZjMtYWI1Mi1mOTQ4MzNlNzAxZDIiLCJpc3MiOiJodHRwOi8vbG9jYWxob3N0OjgwODAvcmVhbG1zL2VtcGxveWVlLXNlcnZpY2VzIiwic3ViIjoiNjEyZDYwZWQtMjhhYy00ZjQwLTk4MzUtNzdiMjUxNDMzNGM3IiwidHlwIjoiQmVhcmVyIiwiYXpwIjoiZWR1LWFwcCIsIm5vbmNlIjoiNzExYzYzNGEtMDEwOC00NmJmLWE4ZmMtZjM2MmI5NTNiNTg5Iiwic2Vzc2lvbl9zdGF0ZSI6ImRjMTkxMTQ4LTg3Y2EtNGQ1Yy1iNmRiLWIzY2NiOGYzMDlhYiIsImFjciI6IjEiLCJhbGxvd2VkLW9yaWdpbnMiOlsiaHR0cDovL2xvY2FsaG9zdDozMDAwIl0sInJlc291cmNlX2FjY2VzcyI6eyJlZHUtYXBwIjp7InJvbGVzIjpbIkVEVV9VU0VSIiwiRURVX01BTkFHRVIiXX19LCJzY29wZSI6Im9wZW5pZCBwcm9maWxlIGVtYWlsIiwic2lkIjoiZGMxOTExNDgtODdjYS00ZDVjLWI2ZGItYjNjY2I4ZjMwOWFiIiwiZW1haWxfdmVyaWZpZWQiOmZhbHNlLCJwcmVmZXJyZWRfdXNlcm5hbWUiOiJhZG1pbiJ9.JgHKHPjd9Ajwa8BUzgYARBuTmMv5AG7cs2RMqQhKvMSmfQR_syh_bknoyCbWLz_sfi63G-_3r1pLbWeErsXtA9DHUUThgLjh-eUSDifD8f_y7YQNJTuDwFDRD5a2eTcaElcKrPzPr0ZaL_j-PGQBc75sRBK_Z5B6Rhokcfzky5CrByHlgs66TjfeDQEu2EO6P5tbrqVQRfa2jhA9-lfku4SaaKNnRrhKF6jtYL6Yb8WKnWJcrpieCJ-kXv_Y_-9Uh3-ZQ6swpPXaMRlaHDTi4mDCR2DzqDdJVe_AzNON6YG8WX3m11CkkVUUDKjvpi9i9KkiT9qequ8YOMv91d3jLw 
SPRINGBOOT_SECURITY 13:38:25.417 INFO  com.kt.edu.thirdproject.common.filter.LogFilter : - sec-ch-ua-mobile = ?0 
SPRINGBOOT_SECURITY 13:38:25.417 INFO  com.kt.edu.thirdproject.common.filter.LogFilter : - content-type = application/json 
SPRINGBOOT_SECURITY 13:38:25.417 INFO  com.kt.edu.thirdproject.common.filter.LogFilter : - sec-ch-ua = "Not A(Brand";v="99", "Google Chrome";v="121", "Chromium";v="121" 
SPRINGBOOT_SECURITY 13:38:25.417 INFO  com.kt.edu.thirdproject.common.filter.LogFilter : - content-length = 62 
SPRINGBOOT_SECURITY 13:38:25.417 INFO  com.kt.edu.thirdproject.common.filter.LogFilter : - connection = close 
SPRINGBOOT_SECURITY 13:38:25.418 INFO  com.kt.edu.thirdproject.common.filter.LogFilter : - host = localhost:9080 
SPRINGBOOT_SECURITY 13:38:25.418 INFO  com.kt.edu.thirdproject.common.filter.LogFilter : -  Parameters 
SPRINGBOOT_SECURITY 13:38:25.418 INFO  com.kt.edu.thirdproject.common.filter.LogFilter : -  Row data 
SPRINGBOOT_SECURITY 13:38:25.420 INFO  com.kt.edu.thirdproject.common.filter.LogFilter : - [{"empName":"1","empDeptName":"1","empTelNo":"1","empMail":"1"}] LogFilter doFilter Body 
SPRINGBOOT_SECURITY 13:38:25.474 INFO  com.kt.edu.thirdproject.employee.service.EmployeeService : - Request to create Employee : EmployeeEntity(id=null, empName=1, empDeptName=1, empTelNo=1, empMail=1, isNew=false) 
SPRINGBOOT_SECURITY 13:38:25.474 INFO  com.kt.edu.thirdproject.employee.service.EmployeeService : - Active Springboot Profile : local 
SPRINGBOOT_SECURITY 13:38:25.489 INFO  jdbc.sqltiming : - select nextval ('hibernate_sequence');\n {executed in 2 msec} 
SPRINGBOOT_SECURITY 13:38:25.490 INFO  jdbc.resultsettable : - \n|------------------------------|\n|nextval('hibernate_sequence') |\n|------------------------------|\n|1                             |\n|------------------------------|\n 
SPRINGBOOT_SECURITY 13:38:25.554 INFO  jdbc.sqltiming : - INSERT INTO "EMPLOYEE" ("EMPDEPTNAME", "EMPMAIL", "EMPNAME", "EMPTELNO", "ID") VALUES ('1', '1', '1', '1', 1)\n {executed in 1 msec} 
SPRINGBOOT_SECURITY 13:38:25.582 INFO  com.kt.edu.thirdproject.common.filter.LogFilter : - [/api/v1/employees] LogFilter doFilter End 
SPRINGBOOT_SECURITY 13:38:28.497 DEBUG org.springframework.security.web.FilterChainProxy : - Securing POST /api/v1/employee/1 
SPRINGBOOT_SECURITY 13:38:28.502 INFO  com.kt.edu.thirdproject.common.service.JwtAuthConverter : - jwt claimName 
SPRINGBOOT_SECURITY 13:38:28.502 DEBUG org.springframework.security.oauth2.server.resource.authentication.JwtAuthenticationProvider : - Authenticated token 
SPRINGBOOT_SECURITY 13:38:28.502 DEBUG org.springframework.security.oauth2.server.resource.web.authentication.BearerTokenAuthenticationFilter : - Set SecurityContextHolder to JwtAuthenticationToken [Principal=org.springframework.security.oauth2.jwt.Jwt@38b58700, Credentials=[PROTECTED], Authenticated=true, Details=WebAuthenticationDetails [RemoteIpAddress=0:0:0:0:0:0:0:1, SessionId=null], Granted Authorities=[SCOPE_openid, SCOPE_email, ROLE_EDU_USER, ROLE_EDU_MANAGER, SCOPE_profile]] 
SPRINGBOOT_SECURITY 13:38:28.503 DEBUG org.springframework.security.web.FilterChainProxy : - Secured POST /api/v1/employee/1 
SPRINGBOOT_SECURITY 13:38:28.504 INFO  com.kt.edu.thirdproject.common.filter.LogFilter : - [/api/v1/employee/1] LogFilter doFilter Start 
SPRINGBOOT_SECURITY 13:38:28.504 INFO  com.kt.edu.thirdproject.common.filter.LogFilter : -  Headers 
SPRINGBOOT_SECURITY 13:38:28.504 INFO  com.kt.edu.thirdproject.common.filter.LogFilter : - cookie = JSESSIONID=AA4BD3D6D89D12BB57A10CB3CD5951DC 
SPRINGBOOT_SECURITY 13:38:28.504 INFO  com.kt.edu.thirdproject.common.filter.LogFilter : - accept-language = ko-KR,ko;q=0.9,en-US;q=0.8,en;q=0.7 
SPRINGBOOT_SECURITY 13:38:28.504 INFO  com.kt.edu.thirdproject.common.filter.LogFilter : - accept-encoding = gzip, deflate, br 
SPRINGBOOT_SECURITY 13:38:28.504 INFO  com.kt.edu.thirdproject.common.filter.LogFilter : - referer = http://localhost:3000/employees 
SPRINGBOOT_SECURITY 13:38:28.504 INFO  com.kt.edu.thirdproject.common.filter.LogFilter : - sec-fetch-dest = empty 
SPRINGBOOT_SECURITY 13:38:28.504 INFO  com.kt.edu.thirdproject.common.filter.LogFilter : - sec-fetch-mode = cors 
SPRINGBOOT_SECURITY 13:38:28.504 INFO  com.kt.edu.thirdproject.common.filter.LogFilter : - sec-fetch-site = same-origin 
SPRINGBOOT_SECURITY 13:38:28.504 INFO  com.kt.edu.thirdproject.common.filter.LogFilter : - origin = http://localhost:3000 
SPRINGBOOT_SECURITY 13:38:28.504 INFO  com.kt.edu.thirdproject.common.filter.LogFilter : - accept = */* 
SPRINGBOOT_SECURITY 13:38:28.505 INFO  com.kt.edu.thirdproject.common.filter.LogFilter : - sec-ch-ua-platform = "macOS" 
SPRINGBOOT_SECURITY 13:38:28.505 INFO  com.kt.edu.thirdproject.common.filter.LogFilter : - user-agent = Mozilla/5.0 (Macintosh; Intel Mac OS X 10_15_7) AppleWebKit/537.36 (KHTML, like Gecko) Chrome/121.0.0.0 Safari/537.36 
SPRINGBOOT_SECURITY 13:38:28.505 INFO  com.kt.edu.thirdproject.common.filter.LogFilter : - authorization = Bearer eyJhbGciOiJSUzI1NiIsInR5cCIgOiAiSldUIiwia2lkIiA6ICJmNDlGN3EtSm5kV0RmWVU4VFllZzRqMVJSQjR5dzI4b2JWLXZJdkN3d1ZBIn0.eyJleHAiOjE3MDg0OTA1OTksImlhdCI6MTcwODQ5MDI5OSwiYXV0aF90aW1lIjoxNzA4NDkwMjk5LCJqdGkiOiJkNWY4YjBhOS1hMzZhLTQ5ZjMtYWI1Mi1mOTQ4MzNlNzAxZDIiLCJpc3MiOiJodHRwOi8vbG9jYWxob3N0OjgwODAvcmVhbG1zL2VtcGxveWVlLXNlcnZpY2VzIiwic3ViIjoiNjEyZDYwZWQtMjhhYy00ZjQwLTk4MzUtNzdiMjUxNDMzNGM3IiwidHlwIjoiQmVhcmVyIiwiYXpwIjoiZWR1LWFwcCIsIm5vbmNlIjoiNzExYzYzNGEtMDEwOC00NmJmLWE4ZmMtZjM2MmI5NTNiNTg5Iiwic2Vzc2lvbl9zdGF0ZSI6ImRjMTkxMTQ4LTg3Y2EtNGQ1Yy1iNmRiLWIzY2NiOGYzMDlhYiIsImFjciI6IjEiLCJhbGxvd2VkLW9yaWdpbnMiOlsiaHR0cDovL2xvY2FsaG9zdDozMDAwIl0sInJlc291cmNlX2FjY2VzcyI6eyJlZHUtYXBwIjp7InJvbGVzIjpbIkVEVV9VU0VSIiwiRURVX01BTkFHRVIiXX19LCJzY29wZSI6Im9wZW5pZCBwcm9maWxlIGVtYWlsIiwic2lkIjoiZGMxOTExNDgtODdjYS00ZDVjLWI2ZGItYjNjY2I4ZjMwOWFiIiwiZW1haWxfdmVyaWZpZWQiOmZhbHNlLCJwcmVmZXJyZWRfdXNlcm5hbWUiOiJhZG1pbiJ9.JgHKHPjd9Ajwa8BUzgYARBuTmMv5AG7cs2RMqQhKvMSmfQR_syh_bknoyCbWLz_sfi63G-_3r1pLbWeErsXtA9DHUUThgLjh-eUSDifD8f_y7YQNJTuDwFDRD5a2eTcaElcKrPzPr0ZaL_j-PGQBc75sRBK_Z5B6Rhokcfzky5CrByHlgs66TjfeDQEu2EO6P5tbrqVQRfa2jhA9-lfku4SaaKNnRrhKF6jtYL6Yb8WKnWJcrpieCJ-kXv_Y_-9Uh3-ZQ6swpPXaMRlaHDTi4mDCR2DzqDdJVe_AzNON6YG8WX3m11CkkVUUDKjvpi9i9KkiT9qequ8YOMv91d3jLw 
SPRINGBOOT_SECURITY 13:38:28.505 INFO  com.kt.edu.thirdproject.common.filter.LogFilter : - sec-ch-ua-mobile = ?0 
SPRINGBOOT_SECURITY 13:38:28.505 INFO  com.kt.edu.thirdproject.common.filter.LogFilter : - sec-ch-ua = "Not A(Brand";v="99", "Google Chrome";v="121", "Chromium";v="121" 
SPRINGBOOT_SECURITY 13:38:28.505 INFO  com.kt.edu.thirdproject.common.filter.LogFilter : - content-length = 0 
SPRINGBOOT_SECURITY 13:38:28.505 INFO  com.kt.edu.thirdproject.common.filter.LogFilter : - connection = close 
SPRINGBOOT_SECURITY 13:38:28.505 INFO  com.kt.edu.thirdproject.common.filter.LogFilter : - host = localhost:9080 
SPRINGBOOT_SECURITY 13:38:28.505 INFO  com.kt.edu.thirdproject.common.filter.LogFilter : -  Parameters 
SPRINGBOOT_SECURITY 13:38:28.505 INFO  com.kt.edu.thirdproject.common.filter.LogFilter : -  Row data 
SPRINGBOOT_SECURITY 13:38:28.506 INFO  com.kt.edu.thirdproject.common.filter.LogFilter : - [] LogFilter doFilter Body 
SPRINGBOOT_SECURITY 13:38:28.508 INFO  com.kt.edu.thirdproject.employee.service.EmployeeService : - Request to delete Employee id : 1 
SPRINGBOOT_SECURITY 13:38:28.513 INFO  jdbc.sqltiming : - SELECT "EMPLOYEE"."ID" AS "ID", "EMPLOYEE"."EMPNAME" AS "EMPNAME", "EMPLOYEE"."EMPMAIL" AS "EMPMAIL", "EMPLOYEE"."EMPTELNO" AS "EMPTELNO", "EMPLOYEE"."EMPDEPTNAME" AS "EMPDEPTNAME" FROM "EMPLOYEE" WHERE "EMPLOYEE"."ID" = 1\n {executed in 0 msec} 
SPRINGBOOT_SECURITY 13:38:28.528 INFO  jdbc.resultsettable : - \n|---|--------|--------|---------|------------|\n|id |empname |empmail |emptelno |empdeptname |\n|---|--------|--------|---------|------------|\n|1  |1       |1       |1        |1           |\n|---|--------|--------|---------|------------|\n 
SPRINGBOOT_SECURITY 13:38:28.539 INFO  jdbc.sqltiming : - DELETE FROM "EMPLOYEE" WHERE "EMPLOYEE"."ID" = 1\n {executed in 1 msec} 
SPRINGBOOT_SECURITY 13:38:28.542 INFO  com.kt.edu.thirdproject.common.filter.LogFilter : - [/api/v1/employee/1] LogFilter doFilter End 
SPRINGBOOT_SECURITY 13:38:38.549 INFO  com.zaxxer.hikari.HikariDataSource : - hikari-cp - Shutdown initiated... 
SPRINGBOOT_SECURITY 13:38:38.552 INFO  com.zaxxer.hikari.HikariDataSource : - hikari-cp - Shutdown completed. 
SPRINGBOOT_SECURITY 13:38:38.554 INFO  com.kt.edu.thirdproject.common.filter.LogFilter : - LogFilter destroy() 
